<?xml version="1.0" encoding="UTF-8"?>
<!-- Generated by org.testng.reporters.JUnitReportReporter -->
<testsuite hostname="Jarvis-Vck" failures="0" tests="1" name="Base.BaseClass" time="17.498" errors="0" timestamp="2023-06-26T13:43:29 IST" skipped="0">
  <testcase classname="Base.BaseClass" name="Setup" time="17.498"/>
</testsuite> <!-- Base.BaseClass -->
