<?xml version="1.0" encoding="UTF-8"?>
<!-- Generated by org.testng.reporters.JUnitReportReporter -->
<testsuite hostname="Jarvis-Vck" failures="0" tests="8" name="Test_Cases.Test_OrgAdmin" time="52.747" errors="0" timestamp="2023-07-06T16:34:11 IST" skipped="0">
  <testcase classname="Test_Cases.Test_OrgAdmin" name="lgn" time="3.139"/>
  <testcase classname="Test_Cases.Test_OrgAdmin" name="cretenewdiscussion" time="6.245"/>
  <testcase classname="Test_Cases.Test_OrgAdmin" name="entertitle" time="3.123"/>
  <testcase classname="Test_Cases.Test_OrgAdmin" name="entershortd" time="3.521"/>
  <testcase classname="Test_Cases.Test_OrgAdmin" name="enterdescrption" time="28.438"/>
  <testcase classname="Test_Cases.Test_OrgAdmin" name="setdatetime" time="1.948"/>
  <testcase classname="Test_Cases.Test_OrgAdmin" name="Tablesetting" time="6.008"/>
  <testcase classname="Test_Cases.Test_OrgAdmin" name="published" time="0.325"/>
</testsuite> <!-- Test_Cases.Test_OrgAdmin -->
