<?xml version="1.0" encoding="UTF-8"?>
<!-- Generated by org.testng.reporters.JUnitReportReporter -->
<testsuite hostname="Jarvis-Vck" failures="0" tests="3" name="Test_Cases.Test_registered_user" time="33.841" errors="0" timestamp="2023-06-29T18:57:59 IST" skipped="0">
  <testcase classname="Test_Cases.Test_registered_user" name="login_reg" time="3.822"/>
  <testcase classname="Test_Cases.Test_registered_user" name="login_reguser" time="2.354"/>
  <testcase classname="Test_Cases.Test_registered_user" name="add_join_disc" time="27.665"/>
</testsuite> <!-- Test_Cases.Test_registered_user -->
