<?xml version="1.0" encoding="UTF-8"?>
<!-- Generated by org.testng.reporters.JUnitReportReporter -->
<testsuite hostname="Jarvis-Vck" failures="0" tests="1" name="Base.BaseClass2_userside" time="18.344" errors="0" timestamp="2023-06-26T16:38:15 IST" skipped="0">
  <testcase classname="Base.BaseClass2_userside" name="Setup" time="18.344"/>
</testsuite> <!-- Base.BaseClass2_userside -->
