<?xml version="1.0" encoding="UTF-8"?>
<!-- Generated by org.testng.reporters.JUnitReportReporter -->
<testsuite hostname="Jarvis-Vck" failures="0" tests="8" name="Test_Cases.Test_guestuser" time="478.175" errors="0" timestamp="2023-07-07T16:04:40 IST" skipped="0">
  <testcase classname="Test_Cases.Test_guestuser" name="login_guest" time="5.024"/>
  <testcase classname="Test_Cases.Test_guestuser" name="login_guest2" time="1.554"/>
  <testcase classname="Test_Cases.Test_guestuser" name="close_hdw" time="10.324"/>
  <testcase classname="Test_Cases.Test_guestuser" name="join_disc" time="0.132"/>
  <testcase classname="Test_Cases.Test_guestuser" name="add_idea" time="11.755"/>
  <testcase classname="Test_Cases.Test_guestuser" name="waitingroom" time="5.179"/>
  <testcase classname="Test_Cases.Test_guestuser" name="review_idea" time="77.300"/>
  <testcase classname="Test_Cases.Test_guestuser" name="discussion_room" time="366.907"/>
</testsuite> <!-- Test_Cases.Test_guestuser -->
